[2024-05-17 00:57:24,342: INFO: main: Start of cnnClassifier]
[2024-05-17 12:40:32,761: INFO: common: yaml file: config\config.yaml loaded successfully]
[2024-05-17 12:40:32,771: INFO: common: yaml file: params.yaml loaded successfully]
[2024-05-17 12:41:51,538: INFO: common: yaml file: config\config.yaml loaded successfully]
[2024-05-17 12:41:51,538: INFO: common: yaml file: params.yaml loaded successfully]
[2024-05-17 12:41:51,550: INFO: common: created directory at: artifacts]
[2024-05-17 12:41:51,550: INFO: common: created directory at: artifacts/data_ingestion]
[2024-05-17 12:41:51,550: INFO: 1533896105: Downloading data from https://drive.google.com/file/d/1z0mreUtRmR-P-magILsDR3T7M6IkGXtY/view?usp=sharing into file artifacts/data_ingestion/data.zip]
[2024-05-17 12:42:08,260: INFO: 1533896105: Downloaded data from https://drive.google.com/file/d/1z0mreUtRmR-P-magILsDR3T7M6IkGXtY/view?usp=sharing into file artifacts/data_ingestion/data.zip]
[2024-05-18 12:16:37,121: INFO: utils: Note: NumExpr detected 16 cores but "NUMEXPR_MAX_THREADS" not set, so enforcing safe limit of 8.]
[2024-05-18 12:16:37,121: INFO: utils: NumExpr defaulting to 8 threads.]
[2024-05-18 12:30:30,001: INFO: common: yaml file: config\config.yaml loaded successfully]
[2024-05-18 12:30:30,004: INFO: common: yaml file: params.yaml loaded successfully]
[2024-05-18 12:30:30,004: INFO: common: created directory at: artifacts]
[2024-05-18 12:30:30,009: INFO: common: created directory at: artifacts/prepare_base_model]
[2024-05-18 12:30:50,498: WARNING: saving_utils: Compiled the loaded model, but the compiled metrics have yet to be built. `model.compile_metrics` will be empty until you train or evaluate the model.]
[2024-05-18 13:09:29,649: INFO: utils: Note: NumExpr detected 16 cores but "NUMEXPR_MAX_THREADS" not set, so enforcing safe limit of 8.]
[2024-05-18 13:09:29,650: INFO: utils: NumExpr defaulting to 8 threads.]
[2024-05-18 13:19:11,015: INFO: common: yaml file: config\config.yaml loaded successfully]
[2024-05-18 13:19:11,023: INFO: common: yaml file: params.yaml loaded successfully]
[2024-05-18 13:19:11,026: INFO: common: created directory at: artifacts]
[2024-05-18 13:19:11,030: INFO: common: created directory at: artifacts\training]
[2024-05-18 23:37:35,964: INFO: common: yaml file: config\config.yaml loaded successfully]
[2024-05-18 23:37:35,977: INFO: common: yaml file: params.yaml loaded successfully]
[2024-05-18 23:37:35,980: INFO: common: created directory at: artifacts]
[2024-05-18 23:37:40,893: INFO: common: json file saved at: scores.json]
[2024-05-18 23:37:44,452: WARNING: save: Found untraced functions such as _jit_compiled_convolution_op, _jit_compiled_convolution_op, _jit_compiled_convolution_op, _jit_compiled_convolution_op, _jit_compiled_convolution_op while saving (showing 5 of 14). These functions will not be directly callable after loading.]
[2024-05-18 23:37:44,904: INFO: builder_impl: Assets written to: C:\Users\sraj2\AppData\Local\Temp\tmp62nsy3l0\model\data\model\assets]
[2024-05-18 23:45:18,477: INFO: common: yaml file: config\config.yaml loaded successfully]
[2024-05-18 23:45:18,477: INFO: common: yaml file: params.yaml loaded successfully]
[2024-05-18 23:45:18,477: INFO: common: created directory at: artifacts]
[2024-05-18 23:45:23,132: INFO: common: json file saved at: scores.json]
[2024-05-18 23:45:26,146: WARNING: save: Found untraced functions such as _jit_compiled_convolution_op, _jit_compiled_convolution_op, _jit_compiled_convolution_op, _jit_compiled_convolution_op, _jit_compiled_convolution_op while saving (showing 5 of 14). These functions will not be directly callable after loading.]
[2024-05-18 23:45:26,626: INFO: builder_impl: Assets written to: C:\Users\sraj2\AppData\Local\Temp\tmp7nsz5dq9\model\data\model\assets]
[2024-05-19 00:11:04,712: INFO: utils: Note: NumExpr detected 16 cores but "NUMEXPR_MAX_THREADS" not set, so enforcing safe limit of 8.]
[2024-05-19 00:11:04,712: INFO: utils: NumExpr defaulting to 8 threads.]
[2024-05-19 00:11:06,024: INFO: main: Start of cnnClassifier]
[2024-05-19 00:11:06,024: INFO: main: >>>>>> stage Data Ingestion stage started <<<<<<]
[2024-05-19 00:11:06,024: INFO: common: yaml file: config\config.yaml loaded successfully]
[2024-05-19 00:11:06,024: INFO: common: yaml file: params.yaml loaded successfully]
[2024-05-19 00:11:06,024: INFO: common: created directory at: artifacts]
[2024-05-19 00:11:06,024: INFO: common: created directory at: artifacts/data_ingestion]
[2024-05-19 00:11:06,024: INFO: data_ingestion: Downloading data from https://drive.google.com/file/d/1z0mreUtRmR-P-magILsDR3T7M6IkGXtY/view?usp=sharing into file artifacts/data_ingestion/data.zip]
[2024-05-19 00:11:30,285: INFO: data_ingestion: Downloaded data from https://drive.google.com/file/d/1z0mreUtRmR-P-magILsDR3T7M6IkGXtY/view?usp=sharing into file artifacts/data_ingestion/data.zip]
[2024-05-19 00:11:30,582: INFO: main: >>>>>> stage Data Ingestion stage completed <<<<<<

x==========x]
[2024-05-19 00:11:30,582: INFO: main: *******************]
[2024-05-19 00:11:30,582: INFO: main: >>>>>> stage Prepare base model started <<<<<<]
[2024-05-19 00:11:30,582: INFO: common: yaml file: config\config.yaml loaded successfully]
[2024-05-19 00:11:30,582: INFO: common: yaml file: params.yaml loaded successfully]
[2024-05-19 00:11:30,582: INFO: common: created directory at: artifacts]
[2024-05-19 00:11:30,582: INFO: common: created directory at: artifacts/prepare_base_model]
[2024-05-19 00:11:30,957: WARNING: saving_utils: Compiled the loaded model, but the compiled metrics have yet to be built. `model.compile_metrics` will be empty until you train or evaluate the model.]
[2024-05-19 00:11:31,082: INFO: main: >>>>>> stage Prepare base model completed <<<<<<

x==========x]
[2024-05-19 00:11:31,082: INFO: main: *******************]
[2024-05-19 00:11:31,082: INFO: main: >>>>>> stage Training started <<<<<<]
[2024-05-19 00:11:31,097: INFO: common: yaml file: config\config.yaml loaded successfully]
[2024-05-19 00:11:31,097: INFO: common: yaml file: params.yaml loaded successfully]
[2024-05-19 00:11:31,097: INFO: common: created directory at: artifacts]
[2024-05-19 00:11:31,097: INFO: common: created directory at: artifacts\training]
[2024-05-19 00:15:44,715: INFO: main: >>>>>> stage Training completed <<<<<<

x==========x]
[2024-05-19 00:15:44,715: INFO: main: *******************]
[2024-05-19 00:15:44,715: INFO: main: >>>>>> stage Evaluation stage started <<<<<<]
[2024-05-19 00:15:44,715: INFO: common: yaml file: config\config.yaml loaded successfully]
[2024-05-19 00:15:44,715: INFO: common: yaml file: params.yaml loaded successfully]
[2024-05-19 00:15:44,715: INFO: common: created directory at: artifacts]
[2024-05-19 00:15:48,926: INFO: common: json file saved at: scores.json]
[2024-05-19 00:15:48,926: INFO: common: json file saved at: scores.json]
[2024-05-19 00:15:48,926: INFO: main: >>>>>> stage Evaluation stage completed <<<<<<

x==========x]
[2024-05-19 00:34:16,234: INFO: utils: Note: NumExpr detected 16 cores but "NUMEXPR_MAX_THREADS" not set, so enforcing safe limit of 8.]
[2024-05-19 00:34:16,234: INFO: utils: NumExpr defaulting to 8 threads.]
[2024-05-19 00:34:17,531: INFO: main: Start of cnnClassifier]
[2024-05-19 00:34:17,531: INFO: main: >>>>>> stage Data Ingestion stage started <<<<<<]
[2024-05-19 00:34:17,531: INFO: common: yaml file: config\config.yaml loaded successfully]
[2024-05-19 00:34:17,531: INFO: common: yaml file: params.yaml loaded successfully]
[2024-05-19 00:34:17,531: INFO: common: created directory at: artifacts]
[2024-05-19 00:34:17,531: INFO: common: created directory at: artifacts/data_ingestion]
[2024-05-19 00:34:17,531: INFO: data_ingestion: Downloading data from https://drive.google.com/file/d/1z0mreUtRmR-P-magILsDR3T7M6IkGXtY/view?usp=sharing into file artifacts/data_ingestion/data.zip]
[2024-05-19 00:34:43,971: INFO: data_ingestion: Downloaded data from https://drive.google.com/file/d/1z0mreUtRmR-P-magILsDR3T7M6IkGXtY/view?usp=sharing into file artifacts/data_ingestion/data.zip]
[2024-05-19 00:34:44,221: INFO: main: >>>>>> stage Data Ingestion stage completed <<<<<<

x==========x]
[2024-05-19 00:34:44,221: INFO: main: *******************]
[2024-05-19 00:34:44,221: INFO: main: >>>>>> stage Prepare base model started <<<<<<]
[2024-05-19 00:34:44,221: INFO: common: yaml file: config\config.yaml loaded successfully]
[2024-05-19 00:34:44,221: INFO: common: yaml file: params.yaml loaded successfully]
[2024-05-19 00:34:44,221: INFO: common: created directory at: artifacts]
[2024-05-19 00:34:44,221: INFO: common: created directory at: artifacts/prepare_base_model]
[2024-05-19 00:34:44,487: WARNING: saving_utils: Compiled the loaded model, but the compiled metrics have yet to be built. `model.compile_metrics` will be empty until you train or evaluate the model.]
[2024-05-19 00:34:44,629: INFO: main: >>>>>> stage Prepare base model completed <<<<<<

x==========x]
[2024-05-19 00:34:44,629: INFO: main: *******************]
[2024-05-19 00:34:44,629: INFO: main: >>>>>> stage Training started <<<<<<]
[2024-05-19 00:34:44,629: INFO: common: yaml file: config\config.yaml loaded successfully]
[2024-05-19 00:34:44,629: INFO: common: yaml file: params.yaml loaded successfully]
[2024-05-19 00:34:44,629: INFO: common: created directory at: artifacts]
[2024-05-19 00:34:44,629: INFO: common: created directory at: artifacts\training]
[2024-05-19 00:39:06,798: INFO: main: >>>>>> stage Training completed <<<<<<

x==========x]
[2024-05-19 00:39:06,798: INFO: main: *******************]
[2024-05-19 00:39:06,798: INFO: main: >>>>>> stage Evaluation stage started <<<<<<]
[2024-05-19 00:39:06,798: INFO: common: yaml file: config\config.yaml loaded successfully]
[2024-05-19 00:39:06,798: INFO: common: yaml file: params.yaml loaded successfully]
[2024-05-19 00:39:06,798: INFO: common: created directory at: artifacts]
[2024-05-19 00:39:11,632: INFO: common: json file saved at: scores.json]
[2024-05-19 00:39:11,632: INFO: common: json file saved at: scores.json]
[2024-05-19 00:39:11,632: INFO: main: >>>>>> stage Evaluation stage completed <<<<<<

x==========x]
[2024-05-19 01:27:42,816: INFO: common: yaml file: config\config.yaml loaded successfully]
[2024-05-19 01:27:42,816: INFO: common: yaml file: params.yaml loaded successfully]
[2024-05-19 01:27:42,823: INFO: common: created directory at: artifacts]
[2024-05-19 01:27:47,366: INFO: common: json file saved at: scores.json]
[2024-05-19 01:27:50,188: WARNING: save: Found untraced functions such as _jit_compiled_convolution_op, _jit_compiled_convolution_op, _jit_compiled_convolution_op, _jit_compiled_convolution_op, _jit_compiled_convolution_op while saving (showing 5 of 14). These functions will not be directly callable after loading.]
[2024-05-19 01:27:50,668: INFO: builder_impl: Assets written to: C:\Users\sraj2\AppData\Local\Temp\tmpvaeh3hbi\model\data\model\assets]
[2024-05-19 01:39:54,067: INFO: stage_01_data_ingestion: >>>>>> stage Data Ingestion stage started <<<<<<]
[2024-05-19 01:39:54,072: INFO: common: yaml file: config\config.yaml loaded successfully]
[2024-05-19 01:39:54,072: INFO: common: yaml file: params.yaml loaded successfully]
[2024-05-19 01:39:54,072: INFO: common: created directory at: artifacts]
[2024-05-19 01:39:54,072: INFO: common: created directory at: artifacts/data_ingestion]
[2024-05-19 01:39:54,072: INFO: data_ingestion: Downloading data from https://drive.google.com/file/d/1z0mreUtRmR-P-magILsDR3T7M6IkGXtY/view?usp=sharing into file artifacts/data_ingestion/data.zip]
[2024-05-19 01:40:13,860: INFO: data_ingestion: Downloaded data from https://drive.google.com/file/d/1z0mreUtRmR-P-magILsDR3T7M6IkGXtY/view?usp=sharing into file artifacts/data_ingestion/data.zip]
[2024-05-19 01:40:14,153: INFO: stage_01_data_ingestion: >>>>>> stage Data Ingestion stage completed <<<<<<

x==========x]
[2024-05-19 01:40:18,099: INFO: utils: Note: NumExpr detected 16 cores but "NUMEXPR_MAX_THREADS" not set, so enforcing safe limit of 8.]
[2024-05-19 01:40:18,099: INFO: utils: NumExpr defaulting to 8 threads.]
[2024-05-19 01:40:18,574: INFO: stage_02_prepare_base_model: *******************]
[2024-05-19 01:40:18,574: INFO: stage_02_prepare_base_model: >>>>>> stage Prepare base model started <<<<<<]
[2024-05-19 01:40:18,583: INFO: common: yaml file: config\config.yaml loaded successfully]
[2024-05-19 01:40:18,583: INFO: common: yaml file: params.yaml loaded successfully]
[2024-05-19 01:40:18,583: INFO: common: created directory at: artifacts]
[2024-05-19 01:40:18,583: INFO: common: created directory at: artifacts/prepare_base_model]
[2024-05-19 01:40:18,982: WARNING: saving_utils: Compiled the loaded model, but the compiled metrics have yet to be built. `model.compile_metrics` will be empty until you train or evaluate the model.]
[2024-05-19 01:40:19,124: INFO: stage_02_prepare_base_model: >>>>>> stage Prepare base model completed <<<<<<

x==========x]
[2024-05-19 01:40:22,344: INFO: utils: Note: NumExpr detected 16 cores but "NUMEXPR_MAX_THREADS" not set, so enforcing safe limit of 8.]
[2024-05-19 01:40:22,344: INFO: utils: NumExpr defaulting to 8 threads.]
[2024-05-19 01:40:22,800: INFO: stage_03_model_trainer: *******************]
[2024-05-19 01:40:22,800: INFO: stage_03_model_trainer: >>>>>> stage Training started <<<<<<]
[2024-05-19 01:40:22,800: INFO: common: yaml file: config\config.yaml loaded successfully]
[2024-05-19 01:40:22,800: INFO: common: yaml file: params.yaml loaded successfully]
[2024-05-19 01:40:22,800: INFO: common: created directory at: artifacts]
[2024-05-19 01:40:22,800: INFO: common: created directory at: artifacts\training]
[2024-05-19 01:40:36,332: INFO: stage_03_model_trainer: >>>>>> stage Training completed <<<<<<

x==========x]
[2024-05-19 01:40:39,598: INFO: utils: Note: NumExpr detected 16 cores but "NUMEXPR_MAX_THREADS" not set, so enforcing safe limit of 8.]
[2024-05-19 01:40:39,598: INFO: utils: NumExpr defaulting to 8 threads.]
[2024-05-19 01:40:41,245: INFO: stage_04_model_evaluation: *******************]
[2024-05-19 01:40:41,245: INFO: stage_04_model_evaluation: >>>>>> stage Evaluation stage started <<<<<<]
[2024-05-19 01:40:41,245: INFO: common: yaml file: config\config.yaml loaded successfully]
[2024-05-19 01:40:41,245: INFO: common: yaml file: params.yaml loaded successfully]
[2024-05-19 01:40:41,245: INFO: common: created directory at: artifacts]
[2024-05-19 01:40:45,618: INFO: common: json file saved at: scores.json]
[2024-05-19 01:40:45,618: INFO: common: json file saved at: scores.json]
[2024-05-19 01:40:45,618: INFO: stage_04_model_evaluation: >>>>>> stage Evaluation stage completed <<<<<<

x==========x]
[2024-05-19 03:44:17,124: INFO: utils: Note: NumExpr detected 16 cores but "NUMEXPR_MAX_THREADS" not set, so enforcing safe limit of 8.]
[2024-05-19 03:44:17,125: INFO: utils: NumExpr defaulting to 8 threads.]
[2024-05-19 03:44:17,830: INFO: _internal: [31m[1mWARNING: This is a development server. Do not use it in a production deployment. Use a production WSGI server instead.[0m
 * Running on all addresses (0.0.0.0)
 * Running on http://127.0.0.1:8080
 * Running on http://192.168.1.176:8080]
[2024-05-19 03:44:17,830: INFO: _internal: [33mPress CTRL+C to quit[0m]
[2024-05-19 03:44:32,141: INFO: _internal: 127.0.0.1 - - [19/May/2024 03:44:32] "GET / HTTP/1.1" 200 -]
[2024-05-19 04:02:52,184: INFO: utils: Note: NumExpr detected 16 cores but "NUMEXPR_MAX_THREADS" not set, so enforcing safe limit of 8.]
[2024-05-19 04:02:52,184: INFO: utils: NumExpr defaulting to 8 threads.]
[2024-05-19 04:02:52,648: INFO: stage_02_prepare_base_model: *******************]
[2024-05-19 04:02:52,648: INFO: stage_02_prepare_base_model: >>>>>> stage Prepare base model started <<<<<<]
[2024-05-19 04:02:52,648: INFO: common: yaml file: config\config.yaml loaded successfully]
[2024-05-19 04:02:52,648: INFO: common: yaml file: params.yaml loaded successfully]
[2024-05-19 04:02:52,664: INFO: common: created directory at: artifacts]
[2024-05-19 04:02:52,664: INFO: common: created directory at: artifacts/prepare_base_model]
[2024-05-19 04:02:53,164: WARNING: saving_utils: Compiled the loaded model, but the compiled metrics have yet to be built. `model.compile_metrics` will be empty until you train or evaluate the model.]
[2024-05-19 04:02:53,335: INFO: stage_02_prepare_base_model: >>>>>> stage Prepare base model completed <<<<<<

x==========x]
[2024-05-19 04:02:56,433: INFO: utils: Note: NumExpr detected 16 cores but "NUMEXPR_MAX_THREADS" not set, so enforcing safe limit of 8.]
[2024-05-19 04:02:56,433: INFO: utils: NumExpr defaulting to 8 threads.]
[2024-05-19 04:02:56,855: INFO: stage_03_model_trainer: *******************]
[2024-05-19 04:02:56,855: INFO: stage_03_model_trainer: >>>>>> stage Training started <<<<<<]
[2024-05-19 04:02:56,855: INFO: common: yaml file: config\config.yaml loaded successfully]
[2024-05-19 04:02:56,855: INFO: common: yaml file: params.yaml loaded successfully]
[2024-05-19 04:02:56,855: INFO: common: created directory at: artifacts]
[2024-05-19 04:02:56,855: INFO: common: created directory at: artifacts\training]
[2024-05-19 04:07:11,241: INFO: stage_03_model_trainer: >>>>>> stage Training completed <<<<<<

x==========x]
[2024-05-19 04:07:14,288: INFO: utils: Note: NumExpr detected 16 cores but "NUMEXPR_MAX_THREADS" not set, so enforcing safe limit of 8.]
[2024-05-19 04:07:14,288: INFO: utils: NumExpr defaulting to 8 threads.]
[2024-05-19 04:07:15,882: INFO: stage_04_model_evaluation: *******************]
[2024-05-19 04:07:15,882: INFO: stage_04_model_evaluation: >>>>>> stage Evaluation stage started <<<<<<]
[2024-05-19 04:07:15,882: INFO: common: yaml file: config\config.yaml loaded successfully]
[2024-05-19 04:07:15,882: INFO: common: yaml file: params.yaml loaded successfully]
[2024-05-19 04:07:15,882: INFO: common: created directory at: artifacts]
[2024-05-19 04:07:20,142: INFO: common: json file saved at: scores.json]
[2024-05-19 04:07:20,142: INFO: common: json file saved at: scores.json]
[2024-05-19 04:07:20,142: INFO: stage_04_model_evaluation: >>>>>> stage Evaluation stage completed <<<<<<

x==========x]
[2024-05-19 04:14:21,556: INFO: utils: Note: NumExpr detected 16 cores but "NUMEXPR_MAX_THREADS" not set, so enforcing safe limit of 8.]
[2024-05-19 04:14:21,556: INFO: utils: NumExpr defaulting to 8 threads.]
[2024-05-19 04:14:22,025: INFO: stage_03_model_trainer: *******************]
[2024-05-19 04:14:22,025: INFO: stage_03_model_trainer: >>>>>> stage Training started <<<<<<]
[2024-05-19 04:14:22,025: INFO: common: yaml file: config\config.yaml loaded successfully]
[2024-05-19 04:14:22,025: INFO: common: yaml file: params.yaml loaded successfully]
[2024-05-19 04:14:22,025: INFO: common: created directory at: artifacts]
[2024-05-19 04:14:22,025: INFO: common: created directory at: artifacts\training]
[2024-05-19 04:18:35,473: INFO: stage_03_model_trainer: >>>>>> stage Training completed <<<<<<

x==========x]
[2024-05-19 04:18:38,701: INFO: utils: Note: NumExpr detected 16 cores but "NUMEXPR_MAX_THREADS" not set, so enforcing safe limit of 8.]
[2024-05-19 04:18:38,701: INFO: utils: NumExpr defaulting to 8 threads.]
[2024-05-19 04:18:40,063: INFO: stage_04_model_evaluation: *******************]
[2024-05-19 04:18:40,063: INFO: stage_04_model_evaluation: >>>>>> stage Evaluation stage started <<<<<<]
[2024-05-19 04:18:40,063: INFO: common: yaml file: config\config.yaml loaded successfully]
[2024-05-19 04:18:40,063: INFO: common: yaml file: params.yaml loaded successfully]
[2024-05-19 04:18:40,063: INFO: common: created directory at: artifacts]
[2024-05-19 04:18:44,389: INFO: common: json file saved at: scores.json]
[2024-05-19 04:18:44,389: INFO: common: json file saved at: scores.json]
[2024-05-19 04:18:44,389: INFO: stage_04_model_evaluation: >>>>>> stage Evaluation stage completed <<<<<<

x==========x]
[2024-05-19 04:22:50,726: INFO: utils: Note: NumExpr detected 16 cores but "NUMEXPR_MAX_THREADS" not set, so enforcing safe limit of 8.]
[2024-05-19 04:22:50,726: INFO: utils: NumExpr defaulting to 8 threads.]
[2024-05-19 04:22:51,977: INFO: main: Start of cnnClassifier]
[2024-05-19 04:22:51,977: INFO: main: *******************]
[2024-05-19 04:22:51,977: INFO: main: >>>>>> stage Evaluation stage started <<<<<<]
[2024-05-19 04:22:51,977: INFO: common: yaml file: config\config.yaml loaded successfully]
[2024-05-19 04:22:51,977: INFO: common: yaml file: params.yaml loaded successfully]
[2024-05-19 04:22:51,977: INFO: common: created directory at: artifacts]
[2024-05-19 04:22:56,425: INFO: common: json file saved at: scores.json]
[2024-05-19 04:22:56,425: INFO: common: json file saved at: scores.json]
[2024-05-19 04:22:56,425: INFO: main: >>>>>> stage Evaluation stage completed <<<<<<

x==========x]
[2024-05-19 04:24:46,406: INFO: utils: Note: NumExpr detected 16 cores but "NUMEXPR_MAX_THREADS" not set, so enforcing safe limit of 8.]
[2024-05-19 04:24:46,406: INFO: utils: NumExpr defaulting to 8 threads.]
[2024-05-19 04:24:47,609: INFO: stage_04_model_evaluation: *******************]
[2024-05-19 04:24:47,609: INFO: stage_04_model_evaluation: >>>>>> stage Evaluation stage started <<<<<<]
[2024-05-19 04:24:47,626: INFO: common: yaml file: config\config.yaml loaded successfully]
[2024-05-19 04:24:47,626: INFO: common: yaml file: params.yaml loaded successfully]
[2024-05-19 04:24:47,626: INFO: common: created directory at: artifacts]
[2024-05-19 04:24:51,865: INFO: common: json file saved at: scores.json]
[2024-05-19 04:24:51,865: INFO: common: json file saved at: scores.json]
[2024-05-19 04:24:54,681: WARNING: save: Found untraced functions such as _jit_compiled_convolution_op, _jit_compiled_convolution_op, _jit_compiled_convolution_op, _jit_compiled_convolution_op, _jit_compiled_convolution_op while saving (showing 5 of 14). These functions will not be directly callable after loading.]
[2024-05-19 04:24:55,073: INFO: builder_impl: Assets written to: C:\Users\sraj2\AppData\Local\Temp\tmp27fdaodm\model\data\model\assets]
[2024-05-19 04:26:24,068: INFO: stage_04_model_evaluation: >>>>>> stage Evaluation stage completed <<<<<<

x==========x]
[2024-05-19 04:27:45,228: INFO: utils: Note: NumExpr detected 16 cores but "NUMEXPR_MAX_THREADS" not set, so enforcing safe limit of 8.]
[2024-05-19 04:27:45,228: INFO: utils: NumExpr defaulting to 8 threads.]
[2024-05-19 04:27:46,495: INFO: stage_04_model_evaluation: *******************]
[2024-05-19 04:27:46,495: INFO: stage_04_model_evaluation: >>>>>> stage Evaluation stage started <<<<<<]
[2024-05-19 04:27:46,495: INFO: common: yaml file: config\config.yaml loaded successfully]
[2024-05-19 04:27:46,495: INFO: common: yaml file: params.yaml loaded successfully]
[2024-05-19 04:27:46,495: INFO: common: created directory at: artifacts]
[2024-05-19 04:27:50,751: INFO: common: json file saved at: scores.json]
[2024-05-19 04:27:50,751: INFO: common: json file saved at: scores.json]
[2024-05-19 04:27:53,504: WARNING: save: Found untraced functions such as _jit_compiled_convolution_op, _jit_compiled_convolution_op, _jit_compiled_convolution_op, _jit_compiled_convolution_op, _jit_compiled_convolution_op while saving (showing 5 of 14). These functions will not be directly callable after loading.]
[2024-05-19 04:27:53,880: INFO: builder_impl: Assets written to: C:\Users\sraj2\AppData\Local\Temp\tmp4f1ymrj3\model\data\model\assets]
[2024-05-19 04:29:24,944: INFO: stage_04_model_evaluation: >>>>>> stage Evaluation stage completed <<<<<<

x==========x]
[2024-05-19 04:33:18,439: INFO: utils: Note: NumExpr detected 16 cores but "NUMEXPR_MAX_THREADS" not set, so enforcing safe limit of 8.]
[2024-05-19 04:33:18,439: INFO: utils: NumExpr defaulting to 8 threads.]
[2024-05-19 04:33:19,690: INFO: main: Start of cnnClassifier]
[2024-05-19 04:33:19,690: INFO: main: *******************]
[2024-05-19 04:33:19,690: INFO: main: >>>>>> stage Training started <<<<<<]
[2024-05-19 04:33:19,690: INFO: common: yaml file: config\config.yaml loaded successfully]
[2024-05-19 04:33:19,690: INFO: common: yaml file: params.yaml loaded successfully]
[2024-05-19 04:33:19,690: INFO: common: created directory at: artifacts]
[2024-05-19 04:33:19,690: INFO: common: created directory at: artifacts\training]
[2024-05-19 04:36:30,357: INFO: main: >>>>>> stage Training completed <<<<<<

x==========x]
[2024-05-19 04:36:30,357: INFO: main: *******************]
[2024-05-19 04:36:30,357: INFO: main: >>>>>> stage Evaluation stage started <<<<<<]
[2024-05-19 04:36:30,373: INFO: common: yaml file: config\config.yaml loaded successfully]
[2024-05-19 04:36:30,373: INFO: common: yaml file: params.yaml loaded successfully]
[2024-05-19 04:36:30,373: INFO: common: created directory at: artifacts]
[2024-05-19 04:36:34,630: INFO: common: json file saved at: scores.json]
[2024-05-19 04:36:34,630: INFO: common: json file saved at: scores.json]
[2024-05-19 04:36:37,318: WARNING: save: Found untraced functions such as _jit_compiled_convolution_op, _jit_compiled_convolution_op, _jit_compiled_convolution_op, _jit_compiled_convolution_op, _jit_compiled_convolution_op while saving (showing 5 of 14). These functions will not be directly callable after loading.]
[2024-05-19 04:36:37,693: INFO: builder_impl: Assets written to: C:\Users\sraj2\AppData\Local\Temp\tmpq529rv80\model\data\model\assets]
[2024-05-19 04:38:09,705: INFO: main: >>>>>> stage Evaluation stage completed <<<<<<

x==========x]
[2024-05-19 04:40:21,556: INFO: utils: Note: NumExpr detected 16 cores but "NUMEXPR_MAX_THREADS" not set, so enforcing safe limit of 8.]
[2024-05-19 04:40:21,556: INFO: utils: NumExpr defaulting to 8 threads.]
[2024-05-19 04:40:22,774: INFO: main: Start of cnnClassifier]
[2024-05-19 04:40:22,774: INFO: main: *******************]
[2024-05-19 04:40:22,774: INFO: main: >>>>>> stage Training started <<<<<<]
[2024-05-19 04:40:22,774: INFO: common: yaml file: config\config.yaml loaded successfully]
[2024-05-19 04:40:22,774: INFO: common: yaml file: params.yaml loaded successfully]
[2024-05-19 04:40:22,774: INFO: common: created directory at: artifacts]
[2024-05-19 04:40:22,774: INFO: common: created directory at: artifacts\training]
[2024-05-19 04:42:28,701: INFO: main: >>>>>> stage Training completed <<<<<<

x==========x]
[2024-05-19 04:42:28,701: INFO: main: *******************]
[2024-05-19 04:42:28,701: INFO: main: >>>>>> stage Evaluation stage started <<<<<<]
[2024-05-19 04:42:28,701: INFO: common: yaml file: config\config.yaml loaded successfully]
[2024-05-19 04:42:28,717: INFO: common: yaml file: params.yaml loaded successfully]
[2024-05-19 04:42:28,717: INFO: common: created directory at: artifacts]
[2024-05-19 04:42:32,910: INFO: common: json file saved at: scores.json]
[2024-05-19 04:42:32,910: INFO: common: json file saved at: scores.json]
[2024-05-19 04:42:35,709: WARNING: save: Found untraced functions such as _jit_compiled_convolution_op, _jit_compiled_convolution_op, _jit_compiled_convolution_op, _jit_compiled_convolution_op, _jit_compiled_convolution_op while saving (showing 5 of 14). These functions will not be directly callable after loading.]
[2024-05-19 04:42:36,084: INFO: builder_impl: Assets written to: C:\Users\sraj2\AppData\Local\Temp\tmpaql_j46i\model\data\model\assets]
[2024-05-19 04:44:01,449: INFO: main: >>>>>> stage Evaluation stage completed <<<<<<

x==========x]
[2024-05-19 04:50:19,145: INFO: utils: Note: NumExpr detected 16 cores but "NUMEXPR_MAX_THREADS" not set, so enforcing safe limit of 8.]
[2024-05-19 04:50:19,145: INFO: utils: NumExpr defaulting to 8 threads.]
[2024-05-19 04:50:20,466: INFO: main: Start of cnnClassifier]
[2024-05-19 04:50:20,466: INFO: main: *******************]
[2024-05-19 04:50:20,466: INFO: main: >>>>>> stage Training started <<<<<<]
[2024-05-19 04:50:20,466: INFO: common: yaml file: config\config.yaml loaded successfully]
[2024-05-19 04:50:20,466: INFO: common: yaml file: params.yaml loaded successfully]
[2024-05-19 04:50:20,466: INFO: common: created directory at: artifacts]
[2024-05-19 04:50:20,466: INFO: common: created directory at: artifacts\training]
[2024-05-19 04:50:33,820: INFO: main: >>>>>> stage Training completed <<<<<<

x==========x]
[2024-05-19 04:50:33,836: INFO: main: *******************]
[2024-05-19 04:50:33,836: INFO: main: >>>>>> stage Evaluation stage started <<<<<<]
[2024-05-19 04:50:33,836: INFO: common: yaml file: config\config.yaml loaded successfully]
[2024-05-19 04:50:33,836: INFO: common: yaml file: params.yaml loaded successfully]
[2024-05-19 04:50:33,836: INFO: common: created directory at: artifacts]
[2024-05-19 04:50:38,047: INFO: common: json file saved at: scores.json]
[2024-05-19 04:50:38,047: INFO: common: json file saved at: scores.json]
[2024-05-19 04:50:40,784: WARNING: save: Found untraced functions such as _jit_compiled_convolution_op, _jit_compiled_convolution_op, _jit_compiled_convolution_op, _jit_compiled_convolution_op, _jit_compiled_convolution_op while saving (showing 5 of 14). These functions will not be directly callable after loading.]
[2024-05-19 04:50:41,176: INFO: builder_impl: Assets written to: C:\Users\sraj2\AppData\Local\Temp\tmp3by_m592\model\data\model\assets]
[2024-05-19 04:52:11,211: INFO: main: >>>>>> stage Evaluation stage completed <<<<<<

x==========x]
[2024-05-19 04:52:42,022: INFO: utils: Note: NumExpr detected 16 cores but "NUMEXPR_MAX_THREADS" not set, so enforcing safe limit of 8.]
[2024-05-19 04:52:42,022: INFO: utils: NumExpr defaulting to 8 threads.]
[2024-05-19 04:52:43,325: INFO: main: Start of cnnClassifier]
[2024-05-19 04:52:43,337: INFO: main: *******************]
[2024-05-19 04:52:43,337: INFO: main: >>>>>> stage Training started <<<<<<]
[2024-05-19 04:52:43,337: INFO: common: yaml file: config\config.yaml loaded successfully]
[2024-05-19 04:52:43,337: INFO: common: yaml file: params.yaml loaded successfully]
[2024-05-19 04:52:43,337: INFO: common: created directory at: artifacts]
[2024-05-19 04:52:43,337: INFO: common: created directory at: artifacts\training]
[2024-05-19 04:53:09,120: INFO: main: >>>>>> stage Training completed <<<<<<

x==========x]
[2024-05-19 04:53:09,120: INFO: main: *******************]
[2024-05-19 04:53:09,120: INFO: main: >>>>>> stage Evaluation stage started <<<<<<]
[2024-05-19 04:53:09,120: INFO: common: yaml file: config\config.yaml loaded successfully]
[2024-05-19 04:53:09,120: INFO: common: yaml file: params.yaml loaded successfully]
[2024-05-19 04:53:09,120: INFO: common: created directory at: artifacts]
[2024-05-19 04:53:13,384: INFO: common: json file saved at: scores.json]
[2024-05-19 04:53:13,384: INFO: common: json file saved at: scores.json]
[2024-05-19 04:53:16,145: WARNING: save: Found untraced functions such as _jit_compiled_convolution_op, _jit_compiled_convolution_op, _jit_compiled_convolution_op, _jit_compiled_convolution_op, _jit_compiled_convolution_op while saving (showing 5 of 14). These functions will not be directly callable after loading.]
[2024-05-19 04:53:16,553: INFO: builder_impl: Assets written to: C:\Users\sraj2\AppData\Local\Temp\tmpa21mfq01\model\data\model\assets]
[2024-05-19 04:54:40,755: INFO: main: >>>>>> stage Evaluation stage completed <<<<<<

x==========x]
[2024-05-19 04:56:31,290: INFO: utils: Note: NumExpr detected 16 cores but "NUMEXPR_MAX_THREADS" not set, so enforcing safe limit of 8.]
[2024-05-19 04:56:31,290: INFO: utils: NumExpr defaulting to 8 threads.]
[2024-05-19 04:56:32,593: INFO: main: Start of cnnClassifier]
[2024-05-19 04:56:32,593: INFO: main: *******************]
[2024-05-19 04:56:32,593: INFO: main: >>>>>> stage Training started <<<<<<]
[2024-05-19 04:56:32,593: INFO: common: yaml file: config\config.yaml loaded successfully]
[2024-05-19 04:56:32,593: INFO: common: yaml file: params.yaml loaded successfully]
[2024-05-19 04:56:32,593: INFO: common: created directory at: artifacts]
[2024-05-19 04:56:32,606: INFO: common: created directory at: artifacts\training]
[2024-05-19 04:57:36,605: INFO: main: >>>>>> stage Training completed <<<<<<

x==========x]
[2024-05-19 04:57:36,605: INFO: main: *******************]
[2024-05-19 04:57:36,605: INFO: main: >>>>>> stage Evaluation stage started <<<<<<]
[2024-05-19 04:57:36,605: INFO: common: yaml file: config\config.yaml loaded successfully]
[2024-05-19 04:57:36,605: INFO: common: yaml file: params.yaml loaded successfully]
[2024-05-19 04:57:36,605: INFO: common: created directory at: artifacts]
[2024-05-19 04:57:40,880: INFO: common: json file saved at: scores.json]
[2024-05-19 04:57:40,880: INFO: common: json file saved at: scores.json]
[2024-05-19 04:57:43,730: WARNING: save: Found untraced functions such as _jit_compiled_convolution_op, _jit_compiled_convolution_op, _jit_compiled_convolution_op, _jit_compiled_convolution_op, _jit_compiled_convolution_op while saving (showing 5 of 14). These functions will not be directly callable after loading.]
[2024-05-19 04:57:44,108: INFO: builder_impl: Assets written to: C:\Users\sraj2\AppData\Local\Temp\tmpxwpsw2bb\model\data\model\assets]
[2024-05-19 04:59:16,225: INFO: main: >>>>>> stage Evaluation stage completed <<<<<<

x==========x]
